2023-07-31 09:58:06,756 [INFO] Activator:176 - 


2023-07-31 09:58:06,759 [INFO] Activator:177 - !SESSION log4j initialized
2023-07-31 09:58:08,845 [INFO] LogOutputStream:77 - [STDOUT_REDIRECT] 
2023-07-31 09:58:11,132 [INFO] ApplicationProperties:184 - Using Application install path: C:\ST\STM32CubeIDE_1.10.1\STM32CubeIDE\plugins\com.st.stm32cube.common.mx_6.9.0.202307051724
2023-07-31 09:58:11,154 [INFO] DbMcusXml:78 - Set database path to: C:\ST\STM32CubeIDE_1.10.1\STM32CubeIDE\plugins\com.st.stm32cube.common.mx_6.9.0.202307051724\\db\/mcu/
2023-07-31 09:58:11,155 [INFO] ApiDb:274 - Set plugin database path to: C:\ST\STM32CubeIDE_1.10.1\STM32CubeIDE\plugins\com.st.stm32cube.common.mx_6.9.0.202307051724\\db\/plugins/boardmanager/
2023-07-31 09:58:11,156 [WARN] ApiDb:259 - Overriding images path with different value:  => C:\ST\STM32CubeIDE_1.10.1\STM32CubeIDE\plugins\com.st.stm32cube.common.mx_6.9.0.202307051724\\db\/plugins/mcufinder/images/
2023-07-31 09:58:11,166 [INFO] ApiDb:250 - Set database path to: C:\Users\jzisenis\.stmcufinder\plugins\mcufinder//mcu/
2023-07-31 09:58:11,168 [INFO] DbMcusAds:125 - Set database path to: C:\Users\jzisenis\.stmcufinder\plugins\mcufinder//mcu/
2023-07-31 09:58:11,170 [INFO] CrossReferenceDbSqlite:203 - Set database path to: C:\Users\jzisenis\.stmcufinder\plugins\mcufinder//mcu/cs/
2023-07-31 09:58:11,290 [INFO] RulesReader:64 - Compatibility file has been processed (293 Rules)
2023-07-31 09:58:11,379 [INFO] DbMcusXml:78 - Set database path to: C:\ST\STM32CubeIDE_1.10.1\STM32CubeIDE\plugins\com.st.stm32cube.common.mx_6.9.0.202307051724\\db\/mcu/
2023-07-31 09:58:11,379 [INFO] ApiDb:274 - Set plugin database path to: C:\ST\STM32CubeIDE_1.10.1\STM32CubeIDE\plugins\com.st.stm32cube.common.mx_6.9.0.202307051724\\db\/plugins/boardmanager/
2023-07-31 09:58:11,380 [INFO] ApiDb:261 - Set plugin images path to: C:\ST\STM32CubeIDE_1.10.1\STM32CubeIDE\plugins\com.st.stm32cube.common.mx_6.9.0.202307051724\\db\/plugins/mcufinder/images/
2023-07-31 09:58:11,381 [WARN] DbFile:41 - Overriding database path with different value: C:\Users\jzisenis\.stmcufinder\plugins\mcufinder/ => C:\Users\jzisenis\.stmcufinder\plugins\mcufinder
2023-07-31 09:58:11,381 [INFO] ApiDb:250 - Set database path to: C:\Users\jzisenis\.stmcufinder\plugins\mcufinder//mcu/
2023-07-31 09:58:11,382 [WARN] DbFile:41 - Overriding database path with different value: C:\Users\jzisenis\.stmcufinder\plugins\mcufinder/ => C:\Users\jzisenis\.stmcufinder\plugins\mcufinder
2023-07-31 09:58:11,382 [INFO] DbMcusAds:125 - Set database path to: C:\Users\jzisenis\.stmcufinder\plugins\mcufinder//mcu/
2023-07-31 09:58:11,383 [WARN] DbFile:41 - Overriding database path with different value: C:\Users\jzisenis\.stmcufinder\plugins\mcufinder/ => C:\Users\jzisenis\.stmcufinder\plugins\mcufinder
2023-07-31 09:58:11,384 [WARN] DbFile:41 - Overriding database path with different value: C:\Users\jzisenis\.stmcufinder\plugins\mcufinder/ => C:\Users\jzisenis\.stmcufinder\plugins\mcufinder
2023-07-31 09:58:11,385 [INFO] CrossReferenceDbSqlite:203 - Set database path to: C:\Users\jzisenis\.stmcufinder\plugins\mcufinder//mcu/cs/
2023-07-31 09:58:11,467 [INFO] MainPanel:262 - HeapMemory: 268435456
2023-07-31 09:58:11,560 [INFO] DbMcusXml:78 - Set database path to: C:\ST\STM32CubeIDE_1.10.1\STM32CubeIDE\plugins\com.st.stm32cube.common.mx_6.9.0.202307051724\\db\/mcu/
2023-07-31 09:58:11,562 [INFO] ApiDb:274 - Set plugin database path to: C:\ST\STM32CubeIDE_1.10.1\STM32CubeIDE\plugins\com.st.stm32cube.common.mx_6.9.0.202307051724\\db\/plugins/boardmanager/
2023-07-31 09:58:11,563 [INFO] ApiDb:261 - Set plugin images path to: C:\ST\STM32CubeIDE_1.10.1\STM32CubeIDE\plugins\com.st.stm32cube.common.mx_6.9.0.202307051724\\db\/plugins/mcufinder/images/
2023-07-31 09:58:11,564 [WARN] DbFile:41 - Overriding database path with different value: C:\Users\jzisenis\.stmcufinder\plugins\mcufinder/ => C:\Users\jzisenis\.stmcufinder\plugins\mcufinder
2023-07-31 09:58:11,565 [INFO] ApiDb:250 - Set database path to: C:\Users\jzisenis\.stmcufinder\plugins\mcufinder//mcu/
2023-07-31 09:58:11,565 [WARN] DbFile:41 - Overriding database path with different value: C:\Users\jzisenis\.stmcufinder\plugins\mcufinder/ => C:\Users\jzisenis\.stmcufinder\plugins\mcufinder
2023-07-31 09:58:11,566 [INFO] DbMcusAds:125 - Set database path to: C:\Users\jzisenis\.stmcufinder\plugins\mcufinder//mcu/
2023-07-31 09:58:11,567 [WARN] DbFile:41 - Overriding database path with different value: C:\Users\jzisenis\.stmcufinder\plugins\mcufinder/ => C:\Users\jzisenis\.stmcufinder\plugins\mcufinder
2023-07-31 09:58:11,568 [WARN] DbFile:41 - Overriding database path with different value: C:\Users\jzisenis\.stmcufinder\plugins\mcufinder/ => C:\Users\jzisenis\.stmcufinder\plugins\mcufinder
2023-07-31 09:58:11,569 [INFO] CrossReferenceDbSqlite:203 - Set database path to: C:\Users\jzisenis\.stmcufinder\plugins\mcufinder//mcu/cs/
2023-07-31 09:58:11,589 [INFO] ApplicationProperties:184 - Using Application install path: C:\ST\STM32CubeIDE_1.10.1\STM32CubeIDE\plugins\com.st.stm32cube.common.mx_6.9.0.202307051724
2023-07-31 09:58:11,593 [INFO] PluginManage:196 - Search for loadable plugins [exclusion list=, ]
2023-07-31 09:58:11,595 [INFO] PluginManage:310 - Check plugin analytics
2023-07-31 09:58:11,759 [INFO] AnalyticsPlugin:253 - Accepted Software Licenses: 
2023-07-31 09:58:11,761 [INFO] AnalyticsPlugin:255 - Accepted CMSIS Pack Licenses: 
2023-07-31 09:58:11,762 [INFO] AnalyticsPlugin:257 - Accepted Firmware Licenses: 
2023-07-31 09:58:11,765 [INFO] PluginManage:359 - Loaded plugin analytics (category:tool,tabindex:-1)
2023-07-31 09:58:11,766 [INFO] PluginManage:310 - Check plugin cadmodel
2023-07-31 09:58:11,771 [INFO] CADModel:105 - Init CAD model plugin
2023-07-31 09:58:11,771 [INFO] PluginManage:359 - Loaded plugin cadmodel (category:power,tabindex:5)
2023-07-31 09:58:11,772 [INFO] PluginManage:310 - Check plugin clock
2023-07-31 09:58:11,783 [INFO] PluginManage:359 - Loaded plugin clock (category:base,tabindex:2)
2023-07-31 09:58:11,784 [INFO] PluginManage:310 - Check plugin ddr
2023-07-31 09:58:11,788 [INFO] PluginManage:359 - Loaded plugin ddr (category:tool,tabindex:6)
2023-07-31 09:58:11,788 [INFO] PluginManage:310 - Check plugin filemanager
2023-07-31 09:58:11,913 [INFO] PluginManage:359 - Loaded plugin filemanager (category:base,tabindex:10)
2023-07-31 09:58:11,914 [INFO] PluginManage:310 - Check plugin ipmanager
2023-07-31 09:58:11,921 [INFO] PluginManage:359 - Loaded plugin ipmanager (category:base,tabindex:5)
2023-07-31 09:58:11,921 [INFO] PluginManage:310 - Check plugin lpbam
2023-07-31 09:58:11,933 [INFO] PluginManage:359 - Loaded plugin lpbam (category:base,tabindex:0)
2023-07-31 09:58:11,934 [INFO] PluginManage:310 - Check plugin memorymap
2023-07-31 09:58:11,949 [INFO] PluginManage:359 - Loaded plugin memorymap (category:base,tabindex:4)
2023-07-31 09:58:11,949 [INFO] PluginManage:310 - Check plugin pinoutandconfiguration
2023-07-31 09:58:11,955 [INFO] PluginManage:359 - Loaded plugin pinoutandconfiguration (category:base,tabindex:1)
2023-07-31 09:58:11,956 [INFO] PluginManage:310 - Check plugin pinoutconfig
2023-07-31 09:58:12,033 [WARN] SupportedApi:132 - Cannot load RTOS API schema: s4s-elt-must-match.1: The content of 'definitions' must match (annotation?, (simpleType | complexType)?, (unique | key | keyref)*)). A problem was found starting at: attribute.
2023-07-31 09:58:12,204 [INFO] PluginManage:359 - Loaded plugin pinoutconfig (category:base,tabindex:0)
2023-07-31 09:58:12,205 [INFO] PluginManage:310 - Check plugin power
2023-07-31 09:58:12,214 [INFO] PluginManage:359 - Loaded plugin power (category:power,tabindex:4)
2023-07-31 09:58:12,214 [INFO] PluginManage:310 - Check plugin projectmanager
2023-07-31 09:58:12,227 [INFO] PluginManage:359 - Loaded plugin projectmanager (category:projectmanager,tabindex:3)
2023-07-31 09:58:12,228 [INFO] PluginManage:310 - Check plugin thirdparty
2023-07-31 09:58:12,342 [INFO] PluginManage:359 - Loaded plugin thirdparty (category:base,tabindex:-1)
2023-07-31 09:58:12,342 [WARN] IntegrityCheckThread:84 - waiting for thirdparty lock release [integrity check]
2023-07-31 09:58:12,343 [INFO] PluginManage:310 - Check plugin tools
2023-07-31 09:58:12,343 [INFO] IntegrityCheckThread:86 - entering critical section [integrity check]
2023-07-31 09:58:12,345 [INFO] ThirdPartyUpdaterWithRetryManager:70 - Updater plugin not ready yet. [1/15]
2023-07-31 09:58:12,346 [INFO] PluginManage:359 - Loaded plugin tools (category:base,tabindex:7)
2023-07-31 09:58:12,347 [INFO] PluginManage:310 - Check plugin tutovideos
2023-07-31 09:58:12,528 [INFO] PluginManage:359 - Loaded plugin tutovideos (category:base,tabindex:-1)
2023-07-31 09:58:12,530 [INFO] PluginManage:310 - Check plugin updater
2023-07-31 09:58:12,540 [INFO] PluginManage:359 - Loaded plugin updater (category:base,tabindex:12)
2023-07-31 09:58:12,541 [INFO] PluginManage:310 - Check plugin userauth
2023-07-31 09:58:12,546 [INFO] UserAuth:113 - Init User Auth plugin
2023-07-31 09:58:12,547 [INFO] PluginManage:359 - Loaded plugin userauth (category:base,tabindex:14)
2023-07-31 09:58:12,549 [INFO] PluginManage:283 - PluginManage : Loaded plugins [17]
2023-07-31 09:58:12,757 [INFO] PinOutPanel:1499 - setPackage(No Configuration,No Configuration)
2023-07-31 09:58:12,853 [INFO] CADModel:165 - CPN selected for project level
2023-07-31 09:58:12,854 [INFO] CADModel:114 - Register for checkConnection events
2023-07-31 09:58:12,867 [INFO] IPUIPlugin:80 - create IPUIPlugin
2023-07-31 09:58:12,869 [INFO] PluginManager:220 - loadIPPluginJar : add adc
2023-07-31 09:58:12,871 [INFO] IPUIPlugin:80 - create IPUIPlugin
2023-07-31 09:58:12,872 [INFO] PluginManager:220 - loadIPPluginJar : add aes
2023-07-31 09:58:12,874 [INFO] IPUIPlugin:80 - create IPUIPlugin
2023-07-31 09:58:12,875 [INFO] PluginManager:220 - loadIPPluginJar : add can
2023-07-31 09:58:12,876 [INFO] IPUIPlugin:80 - create IPUIPlugin
2023-07-31 09:58:12,877 [INFO] PluginManager:220 - loadIPPluginJar : add comp
2023-07-31 09:58:12,880 [INFO] IPUIPlugin:80 - create IPUIPlugin
2023-07-31 09:58:12,880 [INFO] PluginManager:220 - loadIPPluginJar : add cryp
2023-07-31 09:58:12,882 [INFO] IPUIPlugin:80 - create IPUIPlugin
2023-07-31 09:58:12,883 [INFO] PluginManager:220 - loadIPPluginJar : add dfsdm
2023-07-31 09:58:12,888 [INFO] IPUIPlugin:80 - create IPUIPlugin
2023-07-31 09:58:12,889 [INFO] PluginManager:220 - loadIPPluginJar : add dma
2023-07-31 09:58:12,892 [INFO] IPUIPlugin:80 - create IPUIPlugin
2023-07-31 09:58:12,892 [INFO] PluginManager:220 - loadIPPluginJar : add dma3
2023-07-31 09:58:12,894 [INFO] IPUIPlugin:80 - create IPUIPlugin
2023-07-31 09:58:12,895 [INFO] PluginManager:220 - loadIPPluginJar : add fatfs
2023-07-31 09:58:12,899 [INFO] IPUIPlugin:80 - create IPUIPlugin
2023-07-31 09:58:12,899 [INFO] PluginManager:220 - loadIPPluginJar : add fmc
2023-07-31 09:58:12,905 [INFO] IPUIPlugin:80 - create IPUIPlugin
2023-07-31 09:58:12,906 [INFO] PluginManager:220 - loadIPPluginJar : add freertos
2023-07-31 09:58:12,907 [INFO] IPUIPlugin:80 - create IPUIPlugin
2023-07-31 09:58:12,908 [INFO] PluginManager:220 - loadIPPluginJar : add genericplugin
2023-07-31 09:58:12,910 [INFO] IPUIPlugin:80 - create IPUIPlugin
2023-07-31 09:58:12,911 [INFO] PluginManager:220 - loadIPPluginJar : add gfxmmu
2023-07-31 09:58:12,915 [INFO] IPUIPlugin:80 - create IPUIPlugin
2023-07-31 09:58:12,916 [INFO] PluginManager:220 - loadIPPluginJar : add gic
2023-07-31 09:58:12,921 [INFO] IPUIPlugin:80 - create IPUIPlugin
2023-07-31 09:58:12,922 [INFO] PluginManager:220 - loadIPPluginJar : add gpio
2023-07-31 09:58:12,925 [INFO] IPUIPlugin:80 - create IPUIPlugin
2023-07-31 09:58:12,925 [INFO] PluginManager:220 - loadIPPluginJar : add gtzc
2023-07-31 09:58:12,928 [INFO] IPUIPlugin:80 - create IPUIPlugin
2023-07-31 09:58:12,929 [INFO] PluginManager:220 - loadIPPluginJar : add hash
2023-07-31 09:58:12,931 [INFO] IPUIPlugin:80 - create IPUIPlugin
2023-07-31 09:58:12,932 [INFO] PluginManager:220 - loadIPPluginJar : add i2c
2023-07-31 09:58:12,935 [INFO] IPUIPlugin:80 - create IPUIPlugin
2023-07-31 09:58:12,935 [INFO] PluginManager:220 - loadIPPluginJar : add i2s
2023-07-31 09:58:12,938 [INFO] IPUIPlugin:80 - create IPUIPlugin
2023-07-31 09:58:12,939 [INFO] PluginManager:220 - loadIPPluginJar : add i3c
2023-07-31 09:58:12,943 [INFO] IPUIPlugin:80 - create IPUIPlugin
2023-07-31 09:58:12,944 [INFO] PluginManager:220 - loadIPPluginJar : add ipddr
2023-07-31 09:58:12,952 [INFO] IPUIPlugin:80 - create IPUIPlugin
2023-07-31 09:58:12,953 [INFO] PluginManager:220 - loadIPPluginJar : add linkedlist
2023-07-31 09:58:12,956 [INFO] IPUIPlugin:80 - create IPUIPlugin
2023-07-31 09:58:12,957 [INFO] PluginManager:220 - loadIPPluginJar : add lorawan
2023-07-31 09:58:12,958 [INFO] IPUIPlugin:80 - create IPUIPlugin
2023-07-31 09:58:12,959 [INFO] PluginManager:220 - loadIPPluginJar : add ltdc
2023-07-31 09:58:12,964 [INFO] IPUIPlugin:80 - create IPUIPlugin
2023-07-31 09:58:12,965 [INFO] PluginManager:220 - loadIPPluginJar : add mdma
2023-07-31 09:58:12,968 [INFO] IPUIPlugin:80 - create IPUIPlugin
2023-07-31 09:58:12,969 [INFO] PluginManager:220 - loadIPPluginJar : add nvic
2023-07-31 09:58:12,972 [INFO] IPUIPlugin:80 - create IPUIPlugin
2023-07-31 09:58:12,972 [INFO] PluginManager:220 - loadIPPluginJar : add opamp
2023-07-31 09:58:12,975 [INFO] IPUIPlugin:80 - create IPUIPlugin
2023-07-31 09:58:12,975 [INFO] PluginManager:220 - loadIPPluginJar : add openamp
2023-07-31 09:58:12,978 [INFO] IPUIPlugin:80 - create IPUIPlugin
2023-07-31 09:58:12,978 [INFO] PluginManager:220 - loadIPPluginJar : add pdm2pcm
2023-07-31 09:58:12,984 [INFO] IPUIPlugin:80 - create IPUIPlugin
2023-07-31 09:58:12,987 [INFO] PluginManager:220 - loadIPPluginJar : add plateformsettings
2023-07-31 09:58:12,991 [INFO] IPUIPlugin:80 - create IPUIPlugin
2023-07-31 09:58:12,991 [INFO] PluginManager:220 - loadIPPluginJar : add quadspi
2023-07-31 09:58:12,996 [INFO] IPUIPlugin:80 - create IPUIPlugin
2023-07-31 09:58:12,998 [INFO] PluginManager:220 - loadIPPluginJar : add resmgrutility
2023-07-31 09:58:13,002 [INFO] IPUIPlugin:80 - create IPUIPlugin
2023-07-31 09:58:13,002 [INFO] PluginManager:220 - loadIPPluginJar : add sai
2023-07-31 09:58:13,006 [INFO] IPUIPlugin:80 - create IPUIPlugin
2023-07-31 09:58:13,006 [INFO] PluginManager:220 - loadIPPluginJar : add spi
2023-07-31 09:58:13,011 [INFO] IPUIPlugin:80 - create IPUIPlugin
2023-07-31 09:58:13,011 [INFO] PluginManager:220 - loadIPPluginJar : add stm32_wpan
2023-07-31 09:58:13,013 [INFO] IPUIPlugin:80 - create IPUIPlugin
2023-07-31 09:58:13,014 [INFO] PluginManager:220 - loadIPPluginJar : add tim
2023-07-31 09:58:13,016 [INFO] IPUIPlugin:80 - create IPUIPlugin
2023-07-31 09:58:13,017 [INFO] PluginManager:220 - loadIPPluginJar : add touchsensing
2023-07-31 09:58:13,020 [INFO] IPUIPlugin:80 - create IPUIPlugin
2023-07-31 09:58:13,020 [INFO] PluginManager:220 - loadIPPluginJar : add tracer_emb
2023-07-31 09:58:13,023 [INFO] IPUIPlugin:80 - create IPUIPlugin
2023-07-31 09:58:13,023 [INFO] PluginManager:220 - loadIPPluginJar : add ts
2023-07-31 09:58:13,025 [INFO] IPUIPlugin:80 - create IPUIPlugin
2023-07-31 09:58:13,025 [INFO] PluginManager:220 - loadIPPluginJar : add tsc
2023-07-31 09:58:13,027 [INFO] IPUIPlugin:80 - create IPUIPlugin
2023-07-31 09:58:13,028 [INFO] PluginManager:220 - loadIPPluginJar : add ucpd
2023-07-31 09:58:13,031 [INFO] IPUIPlugin:80 - create IPUIPlugin
2023-07-31 09:58:13,031 [INFO] PluginManager:220 - loadIPPluginJar : add usart
2023-07-31 09:58:13,034 [INFO] IPUIPlugin:80 - create IPUIPlugin
2023-07-31 09:58:13,035 [INFO] PluginManager:220 - loadIPPluginJar : add usbx
2023-07-31 09:58:13,160 [INFO] CADModel:165 - CPN selected for project level
2023-07-31 09:58:13,161 [INFO] CADModel:114 - Register for checkConnection events
2023-07-31 09:58:13,162 [FATAL] Updater:308 - Updater called before beeing initialized
2023-07-31 09:58:13,163 [ERROR] CADModel:125 - Updater not yet initialized, retry later 
2023-07-31 09:58:13,308 [INFO] CADModel:165 - CPN selected for project level
2023-07-31 09:58:13,308 [INFO] CADModel:114 - Register for checkConnection events
2023-07-31 09:58:13,309 [FATAL] Updater:308 - Updater called before beeing initialized
2023-07-31 09:58:13,310 [ERROR] CADModel:125 - Updater not yet initialized, retry later 
2023-07-31 09:58:13,313 [FATAL] Updater:308 - Updater called before beeing initialized
2023-07-31 09:58:13,420 [FATAL] Updater:308 - Updater called before beeing initialized
2023-07-31 09:58:13,427 [INFO] DbMcusAds:53 - JSON generation date=Tue Mar 07 09:50:55 CET 2023 (1678179055114)
2023-07-31 09:58:13,430 [FATAL] Updater:308 - Updater called before beeing initialized
2023-07-31 09:58:13,473 [WARN] DetailPanel:346 - Failed to get advertising image, set to default
2023-07-31 09:58:13,570 [FATAL] Updater:308 - Updater called before beeing initialized
2023-07-31 09:58:13,573 [FATAL] Updater:308 - Updater called before beeing initialized
2023-07-31 09:58:13,574 [FATAL] Updater:308 - Updater called before beeing initialized
2023-07-31 09:58:13,575 [WARN] DetailPanel:346 - Failed to get advertising image, set to default
2023-07-31 09:58:13,577 [FATAL] Updater:308 - Updater called before beeing initialized
2023-07-31 09:58:13,633 [ERROR] Updater:1120 - MainUpdater not yet initialized. External WinMGr cannot be set.
2023-07-31 09:58:13,636 [INFO] Updater:1056 - Updater Version found : 6.9.0
2023-07-31 09:58:13,654 [INFO] ApplicationProperties:184 - Using Application install path: C:\ST\STM32CubeIDE_1.10.1\STM32CubeIDE\plugins\com.st.stm32cube.common.mx_6.9.0.202307051724
2023-07-31 09:58:13,915 [INFO] MainUpdater:2868 - connection check result : 10
2023-07-31 09:58:13,917 [INFO] MainUpdater:285 - Updater Check For Update Now.
2023-07-31 09:58:13,917 [INFO] MicroXplorer:498 - Change Database Version : DB.6.0.90
2023-07-31 09:58:13,923 [INFO] McuFinderGlobals:63 - Set McuFinder mode to 2 (CubeIDE integrated)
2023-07-31 09:58:13,924 [INFO] UserAuth:179 - activating auth plugin
2023-07-31 09:58:13,928 [INFO] UserAuth:393 - Internet connection configuration mode: 1
2023-07-31 09:58:13,946 [INFO] JxBrowserEngine:151 - Initiate JxBrowser Engine with user profile folder
2023-07-31 09:58:14,111 [INFO] CheckServerUpdateThread:120 - End of CheckServer Thread
2023-07-31 09:58:14,939 [INFO] WebApp:157 - Instantiating new browser for Auth
2023-07-31 09:58:15,538 [WARN] PackLoader:240 - Cannot read IP mode file for STMicroelectronics.X-CUBE-SMBUS.2.1.0
2023-07-31 09:58:15,593 [WARN] PackLoader:240 - Cannot read IP mode file for STMicroelectronics.X-CUBE-AZRTOS-F7.1.1.0
2023-07-31 09:58:15,608 [WARN] PackLoader:240 - Cannot read IP mode file for STMicroelectronics.FP-SNS-MOTENV1.4.3.2
2023-07-31 09:58:15,621 [WARN] PackLoader:240 - Cannot read IP mode file for STMicroelectronics.X-CUBE-BLE1.6.2.4
2023-07-31 09:58:15,630 [WARN] PackLoader:240 - Cannot read IP mode file for STMicroelectronics.FP-SNS-FLIGHT1.5.0.2
2023-07-31 09:58:15,642 [WARN] PackLoader:240 - Cannot read IP mode file for STMicroelectronics.X-CUBE-DISPLAY.3.0.0
2023-07-31 09:58:15,655 [WARN] PackLoader:240 - Cannot read IP mode file for emotas.I-CUBE-CANOPEN.1.3.0
2023-07-31 09:58:15,662 [WARN] PackLoader:240 - Cannot read IP mode file for STMicroelectronics.X-CUBE-TOUCHGFX.4.22.0
2023-07-31 09:58:15,677 [INFO] LogOutputStream:77 - [STDOUT_REDIRECT] 1 : Invalid condition id : UX_CORESTACK_Condition cause : null
2023-07-31 09:58:15,678 [INFO] LogOutputStream:77 - [STDOUT_REDIRECT] 1 : Invalid condition id : UX_CORESTACK_Condition cause : null
2023-07-31 09:58:15,680 [INFO] LogOutputStream:77 - [STDOUT_REDIRECT] 1 : Invalid condition id : UX_CORESTACK_Condition cause : null
2023-07-31 09:58:15,683 [INFO] LogOutputStream:77 - [STDOUT_REDIRECT] 1 : Invalid condition id : UX_CORESTACK_Condition cause : null
2023-07-31 09:58:15,686 [INFO] LogOutputStream:77 - [STDOUT_REDIRECT] 1 : Invalid condition id : UX_CORESTACK_Condition cause : null
2023-07-31 09:58:15,693 [WARN] PackLoader:240 - Cannot read IP mode file for STMicroelectronics.X-CUBE-AZRTOS-WL.2.0.0
2023-07-31 09:58:15,706 [WARN] PackLoader:240 - Cannot read IP mode file for WES.I-CUBE-Cesium.1.3.0
2023-07-31 09:58:15,713 [WARN] PackLoader:240 - Cannot read IP mode file for STMicroelectronics.X-CUBE-BLE2.3.3.0
2023-07-31 09:58:15,724 [WARN] PackLoader:240 - Cannot read IP mode file for STMicroelectronics.X-CUBE-ALGOBUILD.1.3.0
2023-07-31 09:58:15,758 [WARN] PackLoader:240 - Cannot read IP mode file for STMicroelectronics.X-CUBE-AZRTOS-G0.1.1.0
2023-07-31 09:58:15,830 [WARN] PackLoader:240 - Cannot read IP mode file for STMicroelectronics.X-CUBE-NFC4.3.0.0
2023-07-31 09:58:15,841 [WARN] PackLoader:240 - Cannot read IP mode file for STMicroelectronics.FP-ATR-SIGFOX1.3.2.0
2023-07-31 09:58:15,916 [WARN] PackLoader:240 - Cannot read IP mode file for SEGGER.I-CUBE-embOS.1.3.1
2023-07-31 09:58:16,025 [WARN] PackLoader:240 - Cannot read IP mode file for STMicroelectronics.X-CUBE-GNSS1.6.0.0
2023-07-31 09:58:16,073 [WARN] PackLoader:240 - Cannot read IP mode file for STMicroelectronics.X-CUBE-AZRTOS-F4.1.1.0
2023-07-31 09:58:16,097 [WARN] PackLoader:240 - Cannot read IP mode file for wolfSSL.I-CUBE-wolfSSL.5.6.3
2023-07-31 09:58:16,155 [WARN] PackLoader:240 - Cannot read IP mode file for STMicroelectronics.X-CUBE-MEMS1.9.6.0
2023-07-31 09:58:16,340 [INFO] WebApp:753 - Register for checkConnection events
2023-07-31 09:58:16,342 [INFO] WebApp:390 - Apply proxy settings
2023-07-31 09:58:16,353 [INFO] WebApp:475 - Chromium requires no authentication
2023-07-31 09:58:16,359 [WARN] PackLoader:240 - Cannot read IP mode file for STMicroelectronics.X-CUBE-BLEMGR.2.0.0
2023-07-31 09:58:16,368 [INFO] WebApp:418 - Direct internet connection detected
2023-07-31 09:58:16,379 [WARN] ConditionMgr:438 - getConditionDescription Invalid condition id : UX DEVICE CLASS RTOS Condition cause : null
2023-07-31 09:58:16,380 [WARN] ConditionMgr:438 - getConditionDescription Invalid condition id : UX DEVICE CLASS RTOS Condition cause : null
2023-07-31 09:58:16,384 [WARN] PackLoader:240 - Cannot read IP mode file for STMicroelectronics.X-CUBE-AZRTOS-H7.3.1.0
2023-07-31 09:58:16,387 [WARN] ConditionMgr:1039 - genDependencies : Invalid condition id : UX DEVICE CLASS RTOS Condition cause : null
2023-07-31 09:58:16,388 [WARN] ConditionMgr:1039 - genDependencies : Invalid condition id : UX DEVICE CLASS RTOS Condition cause : null
2023-07-31 09:58:16,389 [WARN] ConditionMgr:1039 - genDependencies : Invalid condition id : UX DEVICE CLASS RTOS Condition cause : null
2023-07-31 09:58:16,391 [WARN] ConditionMgr:1039 - genDependencies : Invalid condition id : UX DEVICE CLASS RTOS Condition cause : null
2023-07-31 09:58:16,392 [WARN] ConditionMgr:1039 - genDependencies : Invalid condition id : UX DEVICE CLASS RTOS Condition cause : null
2023-07-31 09:58:16,400 [WARN] PackLoader:240 - Cannot read IP mode file for STMicroelectronics.X-CUBE-NFC7.1.0.1
2023-07-31 09:58:16,408 [WARN] PackLoader:240 - Cannot read IP mode file for STMicroelectronics.X-CUBE-EEPRMA1.4.1.0
2023-07-31 09:58:16,433 [WARN] ConditionMgr:438 - getConditionDescription Invalid condition id : LAN8742 Phy interface Condition cause : null
2023-07-31 09:58:16,434 [WARN] PackLoader:240 - Cannot read IP mode file for STMicroelectronics.X-CUBE-AZRTOS-L4.2.0.0
2023-07-31 09:58:16,436 [WARN] ConditionMgr:1039 - genDependencies : Invalid condition id : LAN8742 Phy interface Condition cause : null
2023-07-31 09:58:16,437 [WARN] ConditionMgr:1039 - genDependencies : Invalid condition id : LAN8742 Phy interface Condition cause : null
2023-07-31 09:58:16,438 [WARN] ConditionMgr:1039 - genDependencies : Invalid condition id : LAN8742 Phy interface Condition cause : null
2023-07-31 09:58:16,447 [WARN] PackLoader:240 - Cannot read IP mode file for STMicroelectronics.X-CUBE-SFXS2LP1.4.0.0
2023-07-31 09:58:16,453 [WARN] PackLoader:240 - Cannot read IP mode file for STMicroelectronics.X-CUBE-ISPU.1.1.0
2023-07-31 09:58:16,459 [WARN] PackLoader:240 - Cannot read IP mode file for STMicroelectronics.X-CUBE-FREERTOS.1.0.1
2023-07-31 09:58:16,475 [WARN] PackLoader:240 - Cannot read IP mode file for STMicroelectronics.X-CUBE-AZRTOS-L5.1.1.0
2023-07-31 09:58:16,482 [WARN] PackLoader:240 - Cannot read IP mode file for STMicroelectronics.X-CUBE-AI.8.0.1
2023-07-31 09:58:16,495 [WARN] PackLoader:240 - Cannot read IP mode file for STMicroelectronics.X-CUBE-SUBG2.5.0.0
2023-07-31 09:58:16,510 [WARN] PackLoader:240 - Cannot read IP mode file for STMicroelectronics.X-CUBE-TOF1.3.3.1
2023-07-31 09:58:16,539 [WARN] PackLoader:240 - Cannot read IP mode file for STMicroelectronics.X-CUBE-AZRTOS-G4.2.0.0
2023-07-31 09:58:16,549 [WARN] PackLoader:240 - Cannot read IP mode file for portGmbH.I-Cube-SoM-uGOAL.1.1.0
2023-07-31 09:58:16,557 [WARN] PackLoader:240 - Cannot read IP mode file for STMicroelectronics.X-CUBE-ALS.1.0.1
2023-07-31 09:58:16,570 [WARN] PackLoader:240 - Cannot read IP mode file for STMicroelectronics.X-CUBE-AZRTOS-WB.1.1.0
2023-07-31 09:58:16,578 [WARN] PackLoader:240 - Cannot read IP mode file for STMicroelectronics.FP-ATR-ASTRA1.2.0.0
2023-07-31 09:58:16,580 [INFO] ThirdParty:978 - Integrity check success = true
2023-07-31 09:58:16,580 [INFO] IntegrityCheckThread:100 - exiting critical section [integrity check]
2023-07-31 09:58:16,581 [INFO] IntegrityCheckThread:103 - End integrity checks thread
2023-07-31 09:58:16,645 [INFO] WebApp:188 - Starting web application
2023-07-31 09:58:16,646 [INFO] WebApp:520 - Web application path used C:\ST\STM32CubeIDE_1.10.1\STM32CubeIDE\plugins\com.st.stm32cube.common.mx_6.9.0.202307051724\db\plugins\mcufinder\reactClient1\index.html
2023-07-31 09:58:37,388 [ERROR] LogOutputStream:75 - [STDERR_REDIRECT] SLF4J: Failed to load class "org.slf4j.impl.StaticLoggerBinder".
2023-07-31 09:58:37,389 [ERROR] LogOutputStream:75 - [STDERR_REDIRECT] SLF4J: Defaulting to no-operation (NOP) logger implementation
2023-07-31 09:58:37,391 [ERROR] LogOutputStream:75 - [STDERR_REDIRECT] SLF4J: See http://www.slf4j.org/codes.html#StaticLoggerBinder for further details.
2023-07-31 09:58:45,677 [ERROR] LogOutputStream:75 - [STDERR_REDIRECT] 
